<?xml version="1.0" encoding="UTF-8"?>
<testng-results skipped="0" failed="0" ignored="0" total="1" passed="1">
  <reporter-output>
  </reporter-output>
  <suite name="Default suite" duration-ms="24915" started-at="2018-09-07T08:59:30Z" finished-at="2018-09-07T08:59:55Z">
    <groups>
    </groups>
    <test name="Default test" duration-ms="24915" started-at="2018-09-07T08:59:30Z" finished-at="2018-09-07T08:59:55Z">
      <class name="maventestng.TestngClass">
        <test-method status="PASS" signature="LaunchApp()[pri:0, instance:maventestng.TestngClass@1060b431]" name="LaunchApp" is-config="true" duration-ms="6124" started-at="2018-09-07T08:59:30Z" finished-at="2018-09-07T08:59:36Z">
          <reporter-output>
          </reporter-output>
        </test-method> <!-- LaunchApp -->
        <test-method status="PASS" signature="keysDownAndKeysup()[pri:0, instance:maventestng.TestngClass@1060b431]" name="keysDownAndKeysup" duration-ms="15158" started-at="2018-09-07T08:59:36Z" finished-at="2018-09-07T08:59:51Z">
          <reporter-output>
          </reporter-output>
        </test-method> <!-- keysDownAndKeysup -->
        <test-method status="PASS" signature="CloseApp()[pri:0, instance:maventestng.TestngClass@1060b431]" name="CloseApp" is-config="true" duration-ms="3609" started-at="2018-09-07T08:59:51Z" finished-at="2018-09-07T08:59:55Z">
          <reporter-output>
          </reporter-output>
        </test-method> <!-- CloseApp -->
      </class> <!-- maventestng.TestngClass -->
    </test> <!-- Default test -->
  </suite> <!-- Default suite -->
</testng-results>
